19:25:26.214 [main] INFO  api.test.UserTests2 - ***** User is created *****
19:25:26.249 [main] INFO  api.test.UserTests2 - ***** Reading User Info*****
19:25:27.878 [main] INFO  api.test.UserTests2 - ***** Updating User *****
19:25:29.480 [main] INFO  api.test.UserTests2 - ***** User updated successfully *****
19:25:30.815 [main] INFO  api.test.UserTests2 - ***** Deleting User *****
19:25:55.139 [main] INFO  api.test.UserTests2 - ***** Creating User *****
19:26:00.341 [main] INFO  api.test.UserTests2 - ***** User is created *****
19:26:00.366 [main] INFO  api.test.UserTests2 - ***** Reading User Info*****
19:26:01.803 [main] INFO  api.test.UserTests2 - ***** Updating User *****
19:26:03.240 [main] INFO  api.test.UserTests2 - ***** User updated successfully *****
19:26:04.678 [main] INFO  api.test.UserTests2 - ***** Deleting User *****
19:26:25.949 [main] INFO  api.test.UserTests2 - ***** Creating User *****
19:26:31.098 [main] INFO  api.test.UserTests2 - ***** User is created *****
19:26:31.125 [main] INFO  api.test.UserTests2 - ***** Reading User Info*****
19:26:32.642 [main] INFO  api.test.UserTests2 - ***** Updating User *****
19:26:34.211 [main] INFO  api.test.UserTests2 - ***** User updated successfully *****
19:26:35.531 [main] INFO  api.test.UserTests2 - ***** Deleting User *****
19:26:36.963 [main] INFO  api.test.UserTests2 - ***** User deleted successfully *****
19:27:41.582 [main] INFO  api.test.UserTests - ***** Creating User *****
19:27:46.805 [main] INFO  api.test.UserTests - ***** User is created *****
19:27:46.833 [main] INFO  api.test.UserTests - ***** Reading User Info*****
19:27:48.447 [main] INFO  api.test.UserTests - ***** User info fetched successfully *****
19:27:48.460 [main] INFO  api.test.UserTests - ***** Updating User *****
19:27:50.028 [main] INFO  api.test.UserTests - ***** User updated successfully *****
19:27:51.372 [main] INFO  api.test.UserTests - ***** Deleting User *****
19:27:52.795 [main] INFO  api.test.UserTests - ***** User deleted successfully *****
19:32:10.481 [main] INFO  api.test.UserTests - ***** Creating User *****
19:32:15.464 [main] INFO  api.test.UserTests - ***** Reading User Info*****
19:32:16.892 [main] INFO  api.test.UserTests - ***** Updating User *****
19:32:18.388 [main] INFO  api.test.UserTests - ***** User updated successfully *****
19:32:19.868 [main] INFO  api.test.UserTests - ***** Deleting User *****
19:32:31.388 [main] INFO  api.test.UserTests - ***** Creating User *****
19:32:36.256 [main] INFO  api.test.UserTests - ***** Reading User Info*****
19:32:37.918 [main] INFO  api.test.UserTests - ***** Updating User *****
19:32:39.455 [main] INFO  api.test.UserTests - ***** User updated successfully *****
19:32:40.762 [main] INFO  api.test.UserTests - ***** Deleting User *****
19:32:56.692 [main] INFO  api.test.UserTests - ***** Creating User *****
19:33:01.830 [main] INFO  api.test.UserTests - ***** User is created *****
19:33:01.863 [main] INFO  api.test.UserTests - ***** Reading User Info*****
19:33:03.397 [main] INFO  api.test.UserTests - ***** Updating User *****
19:33:04.833 [main] INFO  api.test.UserTests - ***** User updated successfully *****
19:33:06.177 [main] INFO  api.test.UserTests - ***** Deleting User *****
19:33:07.672 [main] INFO  api.test.UserTests - ***** User deleted successfully *****
19:33:40.998 [main] INFO  api.test.UserTests - ***** Creating User *****
19:33:46.176 [main] INFO  api.test.UserTests - ***** User is created *****
19:33:46.204 [main] INFO  api.test.UserTests - ***** Reading User Info*****
19:33:48.069 [main] INFO  api.test.UserTests - ***** Updating User *****
19:33:49.562 [main] INFO  api.test.UserTests - ***** User updated successfully *****
19:33:50.893 [main] INFO  api.test.UserTests - ***** Deleting User *****
19:39:33.308 [main] INFO  api.test.UserTests - ***** Creating User *****
19:39:38.432 [main] INFO  api.test.UserTests - ***** User is created *****
19:39:38.459 [main] INFO  api.test.UserTests - ***** Reading User Info*****
19:39:40.234 [main] INFO  api.test.UserTests - ***** Updating User *****
19:39:41.579 [main] INFO  api.test.UserTests - ***** User updated successfully *****
19:39:42.944 [main] INFO  api.test.UserTests - ***** Deleting User *****
19:39:44.353 [main] INFO  api.test.UserTests - ***** User deleted successfully *****
19:40:47.819 [main] INFO  api.test.UserTests - ***** Creating User *****
19:40:52.996 [main] INFO  api.test.UserTests - ***** User is created *****
19:40:53.024 [main] INFO  api.test.UserTests - ***** Reading User Info*****
19:40:54.745 [main] INFO  api.test.UserTests - ***** User info fetched successfully *****
19:40:54.753 [main] INFO  api.test.UserTests - ***** Updating User *****
19:40:56.266 [main] INFO  api.test.UserTests - ***** User updated successfully *****
19:40:57.680 [main] INFO  api.test.UserTests - ***** Deleting User *****
19:40:59.135 [main] INFO  api.test.UserTests - ***** User deleted successfully *****
19:42:19.116 [main] INFO  api.test.UserTests - ***** Creating User *****
19:42:25.500 [main] INFO  api.test.UserTests - ***** User is created *****
19:42:25.525 [main] INFO  api.test.UserTests - ***** Reading User Info*****
19:42:54.768 [main] INFO  api.test.UserTests - ***** Creating User *****
19:42:59.876 [main] INFO  api.test.UserTests - ***** User is created *****
19:42:59.905 [main] INFO  api.test.UserTests - ***** Reading User Info*****
19:43:01.643 [main] INFO  api.test.UserTests - ***** User info fetched successfully *****
19:43:01.653 [main] INFO  api.test.UserTests - ***** Updating User *****
19:43:03.152 [main] INFO  api.test.UserTests - ***** User updated successfully *****
19:43:04.498 [main] INFO  api.test.UserTests - ***** Deleting User *****
19:43:05.939 [main] INFO  api.test.UserTests - ***** User deleted successfully *****
19:44:45.822 [main] INFO  api.test.PetsTests1 - ***** Adding pet details *****
19:44:51.237 [main] INFO  api.test.PetsTests1 - ***** Pet details added *****
19:44:51.259 [main] INFO  api.test.PetsTests1 - ***** Fetching pet details by id *****
19:44:52.971 [main] INFO  api.test.PetsTests1 - ***** Pet details fetched *****
19:47:39.468 [main] INFO  api.test.PetsTests2 - ***** Adding pet details *****
19:47:44.992 [main] INFO  api.test.PetsTests2 - ***** Pet details added *****
19:47:45.016 [main] INFO  api.test.PetsTests2 - ***** Fetching pet details by id *****
19:47:46.624 [main] INFO  api.test.PetsTests2 - ***** Pet details fetched *****
19:47:46.635 [main] INFO  api.test.PetsTests2 - ***** Deleting pet details by id *****
19:47:48.037 [main] INFO  api.test.PetsTests2 - ***** Pet details deleted *****
19:49:09.639 [main] INFO  api.test.PetsTests2 - ***** Adding pet details *****
19:49:15.062 [main] INFO  api.test.PetsTests2 - ***** Pet details added *****
19:49:15.086 [main] INFO  api.test.PetsTests2 - ***** Fetching pet details by id *****
19:49:16.536 [main] INFO  api.test.PetsTests2 - ***** Deleting pet details by id *****
19:49:31.335 [main] INFO  api.test.PetsTests2 - ***** Adding pet details *****
19:49:36.655 [main] INFO  api.test.PetsTests2 - ***** Pet details added *****
19:49:36.680 [main] INFO  api.test.PetsTests2 - ***** Fetching pet details by id *****
19:49:38.276 [main] INFO  api.test.PetsTests2 - ***** Pet details fetched *****
19:49:38.287 [main] INFO  api.test.PetsTests2 - ***** Deleting pet details by id *****
19:51:30.560 [main] INFO  api.test.PetsTests2 - ***** Adding pet details *****
19:51:36.074 [main] INFO  api.test.PetsTests2 - ***** Pet details added *****
19:51:36.098 [main] INFO  api.test.PetsTests2 - ***** Fetching pet details by id *****
19:51:37.553 [main] INFO  api.test.PetsTests2 - ***** Pet details fetched *****
19:51:37.563 [main] INFO  api.test.PetsTests2 - ***** Deleting pet details by id *****
19:51:39.082 [main] INFO  api.test.PetsTests2 - ***** Pet details deleted *****
19:52:00.050 [main] INFO  api.test.PetsTests2 - ***** Adding pet details *****
19:52:05.510 [main] INFO  api.test.PetsTests2 - ***** Pet details added *****
19:52:05.535 [main] INFO  api.test.PetsTests2 - ***** Fetching pet details by id *****
19:52:06.950 [main] INFO  api.test.PetsTests2 - ***** Deleting pet details by id *****
