18:43:43.587 [main] INFO  api.test.StoreTests1 - ***** Fetching pet inventory *****
18:43:45.029 [main] INFO  api.test.StoreTests1 - ***** Pet inventory fetched *****
18:43:45.039 [main] INFO  api.test.StoreTests1 - ***** Deleting Order *****
18:43:46.588 [main] INFO  api.test.StoreTests1 - ***** Order deleted *****
18:45:03.768 [main] INFO  api.test.StoreTests1 - ***** Creating Order *****
18:45:09.250 [main] INFO  api.test.StoreTests1 - ***** Order is placed *****
18:45:09.277 [main] INFO  api.test.StoreTests1 - ***** Fetching Order *****
18:45:10.708 [main] INFO  api.test.StoreTests1 - ***** Order fetched *****
18:45:10.716 [main] INFO  api.test.StoreTests1 - ***** Fetching pet inventory *****
18:45:12.117 [main] INFO  api.test.StoreTests1 - ***** Pet inventory fetched *****
18:45:12.127 [main] INFO  api.test.StoreTests1 - ***** Deleting Order *****
18:45:13.441 [main] INFO  api.test.StoreTests1 - ***** Order deleted *****
18:45:35.571 [main] INFO  api.test.PetsTests1 - ***** Adding pet details *****
18:45:40.878 [main] INFO  api.test.PetsTests1 - ***** Pet details added *****
18:45:40.903 [main] INFO  api.test.PetsTests1 - ***** Fetching pet details by id *****
18:45:42.455 [main] INFO  api.test.PetsTests1 - ***** Deleting pet details by id *****
18:46:19.292 [main] INFO  api.test.PetsTests1 - ***** Adding pet details *****
18:46:24.540 [main] INFO  api.test.PetsTests1 - ***** Pet details added *****
18:46:24.565 [main] INFO  api.test.PetsTests1 - ***** Fetching pet details by id *****
18:46:26.135 [main] INFO  api.test.PetsTests1 - ***** Deleting pet details by id *****
18:46:27.606 [main] INFO  api.test.PetsTests1 - ***** Pet details deleted *****
18:47:17.285 [main] INFO  api.test.PetsTests1 - ***** Adding pet details *****
18:47:22.685 [main] INFO  api.test.PetsTests1 - ***** Pet details added *****
18:47:22.714 [main] INFO  api.test.PetsTests1 - ***** Fetching pet details by id *****
18:47:24.433 [main] INFO  api.test.PetsTests1 - ***** Pet details fetched *****
18:47:24.446 [main] INFO  api.test.PetsTests1 - ***** Deleting pet details by id *****
18:55:02.728 [main] INFO  api.test.PetsTest2 - ***** Adding pet details *****
18:55:07.241 [main] INFO  api.test.PetsTest2 - ***** Fetching pet details by id *****
18:55:08.807 [main] INFO  api.test.PetsTest2 - ***** Deleting pet details by id *****
18:57:02.723 [main] INFO  api.test.PetsTests2 - ***** Adding pet details *****
18:57:08.065 [main] INFO  api.test.PetsTests2 - ***** Pet details added *****
18:57:08.087 [main] INFO  api.test.PetsTests2 - ***** Fetching pet details by id *****
18:57:09.607 [main] INFO  api.test.PetsTests2 - ***** Pet details fetched *****
18:57:09.617 [main] INFO  api.test.PetsTests2 - ***** Deleting pet details by id *****
18:57:10.886 [main] INFO  api.test.PetsTests2 - ***** Pet details deleted *****
19:01:53.210 [main] INFO  api.test.UserTests - ***** Creating User *****
19:01:58.519 [main] INFO  api.test.UserTests - ***** User is created *****
19:01:58.553 [main] INFO  api.test.UserTests - ***** Reading User Info*****
19:01:59.998 [main] INFO  api.test.UserTests - ***** User info fetched successfully *****
19:02:00.013 [main] INFO  api.test.UserTests - ***** Updating User *****
19:02:01.560 [main] INFO  api.test.UserTests - ***** User updated successfully *****
19:02:03.076 [main] INFO  api.test.UserTests - ***** Deleting User *****
19:02:04.500 [main] INFO  api.test.UserTests - ***** User deleted successfully *****
19:05:46.676 [main] INFO  api.test.UserTests - ***** Creating User *****
19:05:51.801 [main] INFO  api.test.UserTests - ***** User is created *****
19:05:51.826 [main] INFO  api.test.UserTests - ***** Reading User Info*****
19:05:53.361 [main] INFO  api.test.UserTests - ***** Updating User *****
19:05:54.986 [main] INFO  api.test.UserTests - ***** User updated successfully *****
19:05:56.267 [main] INFO  api.test.UserTests - ***** Deleting User *****
19:05:57.525 [main] INFO  api.test.UserTests - ***** User deleted successfully *****
19:06:31.416 [main] INFO  api.test.UserTests - ***** Creating User *****
19:06:36.445 [main] INFO  api.test.UserTests - ***** User is created *****
19:06:36.471 [main] INFO  api.test.UserTests - ***** Reading User Info*****
19:06:37.885 [main] INFO  api.test.UserTests - ***** User info fetched successfully *****
19:06:37.901 [main] INFO  api.test.UserTests - ***** Updating User *****
19:06:39.223 [main] INFO  api.test.UserTests - ***** User updated successfully *****
19:06:40.512 [main] INFO  api.test.UserTests - ***** Deleting User *****
19:06:41.774 [main] INFO  api.test.UserTests - ***** User deleted successfully *****
19:09:04.641 [main] INFO  api.test.UserTests - ***** Creating User *****
19:09:08.346 [main] INFO  api.test.UserTests - ***** Reading User Info*****
19:09:08.642 [main] INFO  api.test.UserTests - ***** Updating User *****
19:09:08.953 [main] INFO  api.test.UserTests - ***** Deleting User *****
19:09:43.667 [main] INFO  api.test.UserTests - ***** Creating User *****
19:09:48.878 [main] INFO  api.test.UserTests - ***** User is created *****
19:09:48.904 [main] INFO  api.test.UserTests - ***** Reading User Info*****
19:09:50.318 [main] INFO  api.test.UserTests - ***** User info fetched successfully *****
19:09:50.331 [main] INFO  api.test.UserTests - ***** Updating User *****
19:09:51.666 [main] INFO  api.test.UserTests - ***** User updated successfully *****
19:09:53.197 [main] INFO  api.test.UserTests - ***** Deleting User *****
19:09:54.500 [main] INFO  api.test.UserTests - ***** User deleted successfully *****
19:13:05.968 [main] INFO  api.test.UserTests2 - ***** Creating User *****
19:13:10.999 [main] INFO  api.test.UserTests2 - ***** User is created *****
19:13:11.024 [main] INFO  api.test.UserTests2 - ***** Reading User Info*****
19:13:12.409 [main] INFO  api.test.UserTests2 - ***** User info fetched successfully *****
19:13:12.424 [main] INFO  api.test.UserTests2 - ***** Updating User *****
19:13:13.801 [main] INFO  api.test.UserTests2 - ***** User updated successfully *****
19:13:15.318 [main] INFO  api.test.UserTests2 - ***** Deleting User *****
19:13:16.740 [main] INFO  api.test.UserTests2 - ***** User deleted successfully *****
19:15:15.584 [main] INFO  api.test.UserTests - ***** Creating User *****
19:15:20.755 [main] INFO  api.test.UserTests - ***** User is created *****
19:15:20.787 [main] INFO  api.test.UserTests - ***** Reading User Info*****
19:15:22.294 [main] INFO  api.test.UserTests - ***** User info fetched successfully *****
19:15:22.307 [main] INFO  api.test.UserTests - ***** Updating User *****
19:15:23.650 [main] INFO  api.test.UserTests - ***** User updated successfully *****
19:15:24.988 [main] INFO  api.test.UserTests - ***** Deleting User *****
19:15:26.430 [main] INFO  api.test.UserTests - ***** User deleted successfully *****
19:17:19.612 [main] INFO  api.test.UserTests2 - ***** Creating User *****
19:17:24.752 [main] INFO  api.test.UserTests2 - ***** User is created *****
19:17:24.779 [main] INFO  api.test.UserTests2 - ***** Reading User Info*****
19:17:26.330 [main] INFO  api.test.UserTests2 - ***** Updating User *****
19:17:27.728 [main] INFO  api.test.UserTests2 - ***** User updated successfully *****
19:17:29.173 [main] INFO  api.test.UserTests2 - ***** Deleting User *****
19:18:10.624 [main] INFO  api.test.UserTests2 - ***** Creating User *****
19:18:15.683 [main] INFO  api.test.UserTests2 - ***** User is created *****
19:18:15.706 [main] INFO  api.test.UserTests2 - ***** Reading User Info*****
19:18:17.422 [main] INFO  api.test.UserTests2 - ***** Updating User *****
19:18:18.935 [main] INFO  api.test.UserTests2 - ***** User updated successfully *****
19:18:20.239 [main] INFO  api.test.UserTests2 - ***** Deleting User *****
19:18:21.635 [main] INFO  api.test.UserTests2 - ***** User deleted successfully *****
19:20:02.680 [main] INFO  api.test.UserTests2 - ***** Creating User *****
19:20:07.832 [main] INFO  api.test.UserTests2 - ***** User is created *****
19:20:07.860 [main] INFO  api.test.UserTests2 - ***** Reading User Info*****
19:20:09.525 [main] INFO  api.test.UserTests2 - ***** User info fetched successfully *****
19:20:09.541 [main] INFO  api.test.UserTests2 - ***** Updating User *****
19:20:11.062 [main] INFO  api.test.UserTests2 - ***** User updated successfully *****
19:20:12.564 [main] INFO  api.test.UserTests2 - ***** Deleting User *****
19:22:41.665 [main] INFO  api.test.UserTests2 - ***** Creating User *****
19:22:46.880 [main] INFO  api.test.UserTests2 - ***** User is created *****
19:22:46.905 [main] INFO  api.test.UserTests2 - ***** Reading User Info*****
19:22:46.942 [main] INFO  api.test.UserTests2 - ***** Updating User *****
19:22:47.027 [main] INFO  api.test.UserTests2 - ***** Deleting User *****
19:23:18.362 [main] INFO  api.test.UserTests2 - ***** Creating User *****
19:23:23.501 [main] INFO  api.test.UserTests2 - ***** User is created *****
19:23:23.531 [main] INFO  api.test.UserTests2 - ***** Reading User Info*****
19:23:25.082 [main] INFO  api.test.UserTests2 - ***** User info fetched successfully *****
19:23:25.095 [main] INFO  api.test.UserTests2 - ***** Updating User *****
19:23:26.462 [main] INFO  api.test.UserTests2 - ***** User updated successfully *****
19:23:27.898 [main] INFO  api.test.UserTests2 - ***** Deleting User *****
19:24:20.736 [main] INFO  api.test.UserTests - ***** Creating User *****
19:24:25.913 [main] INFO  api.test.UserTests - ***** User is created *****
19:24:25.936 [main] INFO  api.test.UserTests - ***** Reading User Info*****
19:24:27.543 [main] INFO  api.test.UserTests - ***** User info fetched successfully *****
19:24:27.560 [main] INFO  api.test.UserTests - ***** Updating User *****
19:24:29.020 [main] INFO  api.test.UserTests - ***** User updated successfully *****
19:24:30.339 [main] INFO  api.test.UserTests - ***** Deleting User *****
19:24:31.779 [main] INFO  api.test.UserTests - ***** User deleted successfully *****
19:25:21.056 [main] INFO  api.test.UserTests2 - ***** Creating User *****
