20:11:23.108 [main] INFO  api.test.UserTests - ***** Creating User *****
20:11:28.535 [main] INFO  api.test.UserTests - ***** User is created *****
20:11:28.572 [main] INFO  api.test.UserTests - ***** Updating User *****
20:11:30.015 [main] INFO  api.test.UserTests - ***** User updated successfully *****
20:11:30.038 [main] INFO  api.test.UserTests - ***** Deleting User *****
20:11:31.468 [main] INFO  api.test.UserTests - ***** User deleted successfully *****
00:54:26.859 [main] INFO  api.test.UserTests2 - ***** Creating User *****
00:54:28.177 [main] INFO  api.test.UserTests2 - ***** Reading User  Info*****
00:54:28.207 [main] INFO  api.test.UserTests2 - ***** Updating User *****
00:54:28.310 [main] INFO  api.test.UserTests2 - ***** Deleting User *****
00:55:51.677 [main] INFO  api.test.UserTests - ***** Creating User *****
00:55:57.289 [main] INFO  api.test.UserTests - ***** User is created *****
00:55:57.318 [main] INFO  api.test.UserTests - ***** Updating User *****
00:55:58.844 [main] INFO  api.test.UserTests - ***** User updated successfully *****
00:55:58.861 [main] INFO  api.test.UserTests - ***** Deleting User *****
00:56:00.142 [main] INFO  api.test.UserTests - ***** User deleted successfully *****
00:56:13.150 [main] INFO  api.test.UserTests2 - ***** Creating User *****
00:56:14.549 [main] INFO  api.test.UserTests2 - ***** Reading User  Info*****
00:56:14.574 [main] INFO  api.test.UserTests2 - ***** Updating User *****
00:56:14.658 [main] INFO  api.test.UserTests2 - ***** Deleting User *****
00:58:39.773 [main] INFO  api.test.UserTests - ***** Creating User *****
00:58:45.120 [main] INFO  api.test.UserTests - ***** User is created *****
00:58:45.150 [main] INFO  api.test.UserTests - ***** Updating User *****
00:58:46.805 [main] INFO  api.test.UserTests - ***** User updated successfully *****
00:58:46.823 [main] INFO  api.test.UserTests - ***** Deleting User *****
00:58:48.196 [main] INFO  api.test.UserTests - ***** User deleted successfully *****
00:59:42.764 [main] INFO  api.test.UserTests - ***** Creating User *****
00:59:47.920 [main] INFO  api.test.UserTests - ***** User is created *****
00:59:47.952 [main] INFO  api.test.UserTests - ***** Reading User  Info*****
00:59:49.450 [main] INFO  api.test.UserTests - ***** User info fetched successfully *****
00:59:49.464 [main] INFO  api.test.UserTests - ***** Updating User *****
00:59:50.839 [main] INFO  api.test.UserTests - ***** User updated successfully *****
00:59:50.849 [main] INFO  api.test.UserTests - ***** Deleting User *****
00:59:52.217 [main] INFO  api.test.UserTests - ***** User deleted successfully *****
01:02:06.747 [main] INFO  api.test.UserTests - ***** Creating User *****
01:02:11.894 [main] INFO  api.test.UserTests - ***** User is created *****
01:02:11.925 [main] INFO  api.test.UserTests - ***** Reading User  Info*****
01:02:13.465 [main] INFO  api.test.UserTests - ***** Updating User *****
01:02:15.042 [main] INFO  api.test.UserTests - ***** User updated successfully *****
01:02:16.427 [main] INFO  api.test.UserTests - ***** Deleting User *****
01:02:17.801 [main] INFO  api.test.UserTests - ***** User deleted successfully *****
01:06:20.380 [main] INFO  api.test.UserTests2 - ***** Creating User *****
01:06:25.496 [main] INFO  api.test.UserTests2 - ***** User is created *****
01:06:25.526 [main] INFO  api.test.UserTests2 - ***** Reading User  Info*****
01:06:26.965 [main] INFO  api.test.UserTests2 - ***** Updating User *****
01:06:28.402 [main] INFO  api.test.UserTests2 - ***** User updated successfully *****
01:06:29.869 [main] INFO  api.test.UserTests2 - ***** Deleting User *****
01:06:31.125 [main] INFO  api.test.UserTests2 - ***** User deleted successfully *****
01:06:58.849 [main] INFO  api.test.UserTests2 - ***** Creating User *****
01:07:03.994 [main] INFO  api.test.UserTests2 - ***** User is created *****
01:07:04.029 [main] INFO  api.test.UserTests2 - ***** Reading User  Info*****
01:07:05.491 [main] INFO  api.test.UserTests2 - ***** User info fetched successfully *****
01:07:05.508 [main] INFO  api.test.UserTests2 - ***** Updating User *****
01:07:07.075 [main] INFO  api.test.UserTests2 - ***** User updated successfully *****
01:07:07.086 [main] INFO  api.test.UserTests2 - ***** Deleting User *****
01:07:08.611 [main] INFO  api.test.UserTests2 - ***** User deleted successfully *****
02:10:47.219 [main] INFO  api.test.UserTests2 - ***** Creating User *****
02:10:51.100 [main] INFO  api.test.UserTests2 - ***** Reading User  Info*****
02:10:51.540 [main] INFO  api.test.UserTests2 - ***** Updating User *****
02:10:51.859 [main] INFO  api.test.UserTests2 - ***** Deleting User *****
02:11:28.170 [main] INFO  api.test.UserTests2 - ***** Creating User *****
02:11:33.230 [main] INFO  api.test.UserTests2 - ***** User is created *****
02:11:33.259 [main] INFO  api.test.UserTests2 - ***** Reading User  Info*****
02:11:34.722 [main] INFO  api.test.UserTests2 - ***** Updating User *****
02:11:36.204 [main] INFO  api.test.UserTests2 - ***** User updated successfully *****
02:11:36.212 [main] INFO  api.test.UserTests2 - ***** Deleting User *****
02:11:37.601 [main] INFO  api.test.UserTests2 - ***** User deleted successfully *****
02:51:22.826 [main] INFO  api.test.UserTests2 - ***** Creating User *****
02:51:27.648 [main] INFO  api.test.UserTests2 - ***** User is created *****
02:51:27.674 [main] INFO  api.test.UserTests2 - ***** Reading User Info*****
02:51:29.076 [main] INFO  api.test.UserTests2 - ***** User info fetched successfully *****
02:51:29.084 [main] INFO  api.test.UserTests2 - ***** Updating User *****
02:51:30.475 [main] INFO  api.test.UserTests2 - ***** User updated successfully *****
02:51:30.484 [main] INFO  api.test.UserTests2 - ***** Deleting User *****
15:28:24.628 [main] INFO  api.test.UserTests2 - ***** Creating User *****
15:28:29.430 [main] INFO  api.test.UserTests2 - ***** User is created *****
15:28:29.455 [main] INFO  api.test.UserTests2 - ***** Reading User Info*****
15:28:30.940 [main] INFO  api.test.UserTests2 - ***** Updating User *****
15:28:32.316 [main] INFO  api.test.UserTests2 - ***** User updated successfully *****
15:28:32.324 [main] INFO  api.test.UserTests2 - ***** Deleting User *****
15:28:33.617 [main] INFO  api.test.UserTests2 - ***** User deleted successfully *****
13:53:03.816 [main] INFO  api.test.StoreTests1 - ***** Creating Order *****
13:54:08.501 [main] INFO  api.test.StoreTests1 - ***** Creating Order *****
14:00:03.477 [main] INFO  api.test.StoreTests1 - ***** Creating Order *****
14:03:02.602 [main] INFO  api.test.StoreTests1 - ***** Creating Order *****
14:39:25.923 [main] INFO  api.test.StoreTests1 - ***** Creating Order *****
14:54:59.694 [main] INFO  api.test.StoreTests1 - ***** Creating Order *****
15:55:22.197 [main] INFO  api.test.StoreTests1 - ***** Creating Order *****
16:02:54.432 [main] INFO  api.test.StoreTests1 - ***** Creating Order *****
16:08:25.194 [main] INFO  api.test.StoreTests1 - ***** Creating Order *****
16:09:51.620 [main] INFO  api.test.StoreTests1 - ***** Creating Order *****
16:11:20.010 [main] INFO  api.test.StoreTests1 - ***** Creating Order *****
16:12:23.642 [main] INFO  api.test.StoreTests1 - ***** Creating Order *****
16:12:27.963 [main] INFO  api.test.StoreTests1 - ***** Order is placed *****
16:13:54.082 [main] INFO  api.test.StoreTests1 - ***** Creating Order *****
16:13:58.387 [main] INFO  api.test.StoreTests1 - ***** Order is placed *****
16:14:39.281 [main] INFO  api.test.StoreTests1 - ***** Creating Order *****
16:14:43.637 [main] INFO  api.test.StoreTests1 - ***** Order is placed *****
16:22:45.199 [main] INFO  api.test.StoreTests1 - ***** Creating Order *****
16:22:49.430 [main] INFO  api.test.StoreTests1 - ***** Order is placed *****
16:22:49.449 [main] INFO  api.test.StoreTests1 - ***** Fetching Order *****
16:25:44.600 [main] INFO  api.test.StoreTests1 - ***** Creating Order *****
16:25:48.687 [main] INFO  api.test.StoreTests1 - ***** Order is placed *****
16:25:48.703 [main] INFO  api.test.StoreTests1 - ***** Fetching Order *****
16:25:50.016 [main] INFO  api.test.StoreTests1 - ***** Order fetched *****
16:29:31.363 [main] INFO  api.test.StoreTests1 - ***** Creating Order *****
16:29:35.767 [main] INFO  api.test.StoreTests1 - ***** Order is placed *****
16:29:35.784 [main] INFO  api.test.StoreTests1 - ***** Fetching Order *****
16:29:37.283 [main] INFO  api.test.StoreTests1 - ***** Order fetched *****
16:35:39.857 [main] INFO  api.test.StoreTests1 - ***** Creating Order *****
16:35:45.038 [main] INFO  api.test.StoreTests1 - ***** Order is placed *****
16:38:27.850 [main] INFO  api.test.StoreTests1 - ***** Creating Order *****
16:38:33.018 [main] INFO  api.test.StoreTests1 - ***** Order is placed *****
16:38:33.045 [main] INFO  api.test.StoreTests1 - ***** Fetching Order *****
16:39:10.782 [main] INFO  api.test.StoreTests1 - ***** Creating Order *****
16:39:16.015 [main] INFO  api.test.StoreTests1 - ***** Order is placed *****
16:39:16.040 [main] INFO  api.test.StoreTests1 - ***** Fetching Order *****
16:39:17.509 [main] INFO  api.test.StoreTests1 - ***** Order fetched *****
16:41:27.573 [main] INFO  api.test.StoreTests1 - ***** Creating Order *****
16:41:32.857 [main] INFO  api.test.StoreTests1 - ***** Order is placed *****
16:41:32.886 [main] INFO  api.test.StoreTests1 - ***** Fetching Order *****
16:41:36.135 [main] INFO  api.test.StoreTests1 - ***** Order fetched *****
16:41:36.146 [main] INFO  api.test.StoreTests1 - ***** Deleting Order *****
16:41:37.457 [main] INFO  api.test.StoreTests1 - ***** Order deleted *****
18:14:03.347 [main] INFO  api.test.StoreTests2 - ***** Creating Order *****
18:14:08.656 [main] INFO  api.test.StoreTests2 - ***** Order is placed *****
18:14:08.683 [main] INFO  api.test.StoreTests2 - ***** Fetching Order *****
18:14:08.776 [main] INFO  api.test.StoreTests2 - ***** Deleting Order *****
18:14:10.326 [main] INFO  api.test.StoreTests2 - ***** Order deleted *****
18:15:47.342 [main] INFO  api.test.StoreTests1 - ***** Creating Order *****
